0 info it worked if it ends with ok
1 verbose cli [ 'node', '/usr/local/bin/npm', 'i' ]
2 info using npm@1.3.8
3 info using node@v0.10.18
4 warn package.json hive-js@0.0.0 No repository field.
5 verbose readDependencies using package.json deps
6 verbose install where, deps [ '/Users/gustave/_repos/clients/hive/hive-js',
6 verbose install   [ 'bl',
6 verbose install     'big.js',
6 verbose install     'folderify',
6 verbose install     'rework',
6 verbose install     'wrap-selectors',
6 verbose install     'aperture',
6 verbose install     'sheetify',
6 verbose install     'browserify',
6 verbose install     'ractify',
6 verbose install     'browserify-zepto',
6 verbose install     'bitcoinjs-lib',
6 verbose install     'events',
6 verbose install     'st',
6 verbose install     'esprima',
6 verbose install     'karma-script-launcher',
6 verbose install     'karma-chrome-launcher',
6 verbose install     'karma-firefox-launcher',
6 verbose install     'karma-html2js-preprocessor',
6 verbose install     'karma-jasmine',
6 verbose install     'karma-phantomjs-launcher',
6 verbose install     'karma',
6 verbose install     'karma-browserify',
6 verbose install     'stream-browserify',
6 verbose install     'karma-safari-launcher',
6 verbose install     'connect-livereload',
6 verbose install     'ecstatic',
6 verbose install     'envify',
6 verbose install     'express',
6 verbose install     'gulp',
6 verbose install     'gulp-autoprefixer',
6 verbose install     'gulp-browserify',
6 verbose install     'gulp-concat',
6 verbose install     'gulp-embedlr',
6 verbose install     'gulp-livereload',
6 verbose install     'gulp-sass',
6 verbose install     'gulp-util',
6 verbose install     'tiny-lr' ] ]
7 info preinstall hive-js@0.0.0
8 warn package.json aperture@1.0.0 No repository field.
9 warn package.json sheetify@1.2.1 No repository field.
10 verbose readDependencies using package.json deps
11 verbose already installed skipping st@^0.3.1 /Users/gustave/_repos/clients/hive/hive-js
12 verbose already installed skipping esprima@^1.0.4 /Users/gustave/_repos/clients/hive/hive-js
13 verbose already installed skipping karma-script-launcher@^0.1.0 /Users/gustave/_repos/clients/hive/hive-js
14 verbose already installed skipping karma-chrome-launcher@^0.1.2 /Users/gustave/_repos/clients/hive/hive-js
15 verbose already installed skipping karma-firefox-launcher@^0.1.3 /Users/gustave/_repos/clients/hive/hive-js
16 verbose already installed skipping karma-html2js-preprocessor@^0.1.0 /Users/gustave/_repos/clients/hive/hive-js
17 verbose already installed skipping karma-jasmine@^0.2.0 /Users/gustave/_repos/clients/hive/hive-js
18 verbose already installed skipping karma-phantomjs-launcher@^0.1.2 /Users/gustave/_repos/clients/hive/hive-js
19 verbose already installed skipping karma@^0.10.9 /Users/gustave/_repos/clients/hive/hive-js
20 verbose already installed skipping karma-browserify@^0.1.0 /Users/gustave/_repos/clients/hive/hive-js
21 verbose already installed skipping stream-browserify@^0.1.3 /Users/gustave/_repos/clients/hive/hive-js
22 verbose already installed skipping karma-safari-launcher@~0.1.1 /Users/gustave/_repos/clients/hive/hive-js
23 verbose already installed skipping connect-livereload@~0.3.2 /Users/gustave/_repos/clients/hive/hive-js
24 verbose already installed skipping ecstatic@~0.4.13 /Users/gustave/_repos/clients/hive/hive-js
25 verbose already installed skipping envify@~1.2.0 /Users/gustave/_repos/clients/hive/hive-js
26 verbose already installed skipping express@~3.4.8 /Users/gustave/_repos/clients/hive/hive-js
27 verbose already installed skipping gulp@~3.6.0 /Users/gustave/_repos/clients/hive/hive-js
28 verbose already installed skipping gulp-autoprefixer@0.0.6 /Users/gustave/_repos/clients/hive/hive-js
29 verbose already installed skipping gulp-browserify@~0.4.0 /Users/gustave/_repos/clients/hive/hive-js
30 verbose already installed skipping gulp-concat@~2.1.7 /Users/gustave/_repos/clients/hive/hive-js
31 verbose already installed skipping gulp-embedlr@~0.5.2 /Users/gustave/_repos/clients/hive/hive-js
32 verbose already installed skipping gulp-livereload@~1.2.0 /Users/gustave/_repos/clients/hive/hive-js
33 verbose already installed skipping gulp-sass@~0.7.1 /Users/gustave/_repos/clients/hive/hive-js
34 verbose already installed skipping gulp-util@~2.2.14 /Users/gustave/_repos/clients/hive/hive-js
35 verbose already installed skipping tiny-lr@0.0.5 /Users/gustave/_repos/clients/hive/hive-js
36 verbose already installed skipping bl@^0.7.0 /Users/gustave/_repos/clients/hive/hive-js
37 verbose already installed skipping rework@~0.20.2 /Users/gustave/_repos/clients/hive/hive-js
38 verbose already installed skipping big.js@^2.5.0 /Users/gustave/_repos/clients/hive/hive-js
39 verbose already installed skipping wrap-selectors@^0.1.0 /Users/gustave/_repos/clients/hive/hive-js
40 verbose already installed skipping folderify@~0.6.0 /Users/gustave/_repos/clients/hive/hive-js
41 verbose already installed skipping aperture@^1.0.0 /Users/gustave/_repos/clients/hive/hive-js
42 verbose already installed skipping sheetify@^1.2.0 /Users/gustave/_repos/clients/hive/hive-js
43 verbose already installed skipping browserify@~3.30.1 /Users/gustave/_repos/clients/hive/hive-js
44 verbose already installed skipping ractify@~0.2.0 /Users/gustave/_repos/clients/hive/hive-js
45 verbose already installed skipping browserify-zepto@~1.1.2 /Users/gustave/_repos/clients/hive/hive-js
46 verbose cache add [ 'bitcoinjs-lib@git://github.com/bitcoinjs/bitcoinjs-lib.git',
46 verbose cache add   null ]
47 verbose cache add name=undefined spec="bitcoinjs-lib@git://github.com/bitcoinjs/bitcoinjs-lib.git" args=["bitcoinjs-lib@git://github.com/bitcoinjs/bitcoinjs-lib.git",null]
48 verbose parsed url { protocol: null,
48 verbose parsed url   slashes: null,
48 verbose parsed url   auth: null,
48 verbose parsed url   host: null,
48 verbose parsed url   port: null,
48 verbose parsed url   hostname: null,
48 verbose parsed url   hash: null,
48 verbose parsed url   search: null,
48 verbose parsed url   query: null,
48 verbose parsed url   pathname: 'bitcoinjs-lib@git://github.com/bitcoinjs/bitcoinjs-lib.git',
48 verbose parsed url   path: 'bitcoinjs-lib@git://github.com/bitcoinjs/bitcoinjs-lib.git',
48 verbose parsed url   href: 'bitcoinjs-lib@git://github.com/bitcoinjs/bitcoinjs-lib.git' }
49 verbose cache add name="bitcoinjs-lib" spec="git://github.com/bitcoinjs/bitcoinjs-lib.git" args=["bitcoinjs-lib","git://github.com/bitcoinjs/bitcoinjs-lib.git"]
50 verbose parsed url { protocol: 'git:',
50 verbose parsed url   slashes: true,
50 verbose parsed url   auth: null,
50 verbose parsed url   host: 'github.com',
50 verbose parsed url   port: null,
50 verbose parsed url   hostname: 'github.com',
50 verbose parsed url   hash: null,
50 verbose parsed url   search: null,
50 verbose parsed url   query: null,
50 verbose parsed url   pathname: '/bitcoinjs/bitcoinjs-lib.git',
50 verbose parsed url   path: '/bitcoinjs/bitcoinjs-lib.git',
50 verbose parsed url   href: 'git://github.com/bitcoinjs/bitcoinjs-lib.git' }
51 silly lockFile ef3bfc0a--com-bitcoinjs-bitcoinjs-lib-git git://github.com/bitcoinjs/bitcoinjs-lib.git
52 verbose lock git://github.com/bitcoinjs/bitcoinjs-lib.git /Users/gustave/.npm/ef3bfc0a--com-bitcoinjs-bitcoinjs-lib-git.lock
53 verbose already installed skipping events@^1.0.0 /Users/gustave/_repos/clients/hive/hive-js
54 verbose addRemoteGit [ 'git://github.com/bitcoinjs/bitcoinjs-lib.git', 'master' ]
55 verbose git remote.origin.url git://github.com/bitcoinjs/bitcoinjs-lib.git
56 verbose git fetch -a origin (git://github.com/bitcoinjs/bitcoinjs-lib.git)
57 verbose git rev-list -n1 master 01e6be6d937bb87fc05ff4d571819150289e04c4
58 verbose resolved git url git://github.com/bitcoinjs/bitcoinjs-lib.git#01e6be6d937bb87fc05ff4d571819150289e04c4
59 verbose tar unpack /var/folders/8j/3f__kvfn363cw4yblv36s9600000gn/T/npm-2311-ajPQ7_Kl/1396831514255-0.8721398941706866/tmp.tgz
60 silly lockFile 972fe054-14255-0-8721398941706866-package tar:///var/folders/8j/3f__kvfn363cw4yblv36s9600000gn/T/npm-2311-ajPQ7_Kl/1396831514255-0.8721398941706866/package
61 verbose lock tar:///var/folders/8j/3f__kvfn363cw4yblv36s9600000gn/T/npm-2311-ajPQ7_Kl/1396831514255-0.8721398941706866/package /Users/gustave/.npm/972fe054-14255-0-8721398941706866-package.lock
62 silly lockFile 09354141-14255-0-8721398941706866-tmp-tgz tar:///var/folders/8j/3f__kvfn363cw4yblv36s9600000gn/T/npm-2311-ajPQ7_Kl/1396831514255-0.8721398941706866/tmp.tgz
63 verbose lock tar:///var/folders/8j/3f__kvfn363cw4yblv36s9600000gn/T/npm-2311-ajPQ7_Kl/1396831514255-0.8721398941706866/tmp.tgz /Users/gustave/.npm/09354141-14255-0-8721398941706866-tmp-tgz.lock
64 silly gunzTarPerm modes [ '755', '644' ]
65 silly gunzTarPerm extractEntry
66 silly gunzTarPerm modified mode [ '', 509, 493 ]
67 silly gunzTarPerm extractEntry .gitignore
68 silly gunzTarPerm modified mode [ '.gitignore', 436, 420 ]
69 silly gunzTarPerm extractEntry .travis.yml
70 silly gunzTarPerm modified mode [ '.travis.yml', 436, 420 ]
71 silly gunzTarPerm extractEntry LICENSE
72 silly gunzTarPerm modified mode [ 'LICENSE', 436, 420 ]
73 silly gunzTarPerm extractEntry README.md
74 silly gunzTarPerm modified mode [ 'README.md', 436, 420 ]
75 silly gunzTarPerm extractEntry package.json
76 silly gunzTarPerm modified mode [ 'package.json', 436, 420 ]
77 silly gunzTarPerm extractEntry src/
78 silly gunzTarPerm modified mode [ 'src/', 509, 493 ]
79 silly gunzTarPerm extractEntry src/address.js
80 silly gunzTarPerm modified mode [ 'src/address.js', 436, 420 ]
81 silly gunzTarPerm extractEntry src/base58.js
82 silly gunzTarPerm modified mode [ 'src/base58.js', 436, 420 ]
83 silly gunzTarPerm extractEntry src/base58check.js
84 silly gunzTarPerm modified mode [ 'src/base58check.js', 436, 420 ]
85 silly gunzTarPerm extractEntry src/convert.js
86 silly gunzTarPerm modified mode [ 'src/convert.js', 436, 420 ]
87 silly gunzTarPerm extractEntry src/ecdsa.js
88 silly gunzTarPerm modified mode [ 'src/ecdsa.js', 436, 420 ]
89 silly gunzTarPerm extractEntry src/eckey.js
90 silly gunzTarPerm modified mode [ 'src/eckey.js', 436, 420 ]
91 silly gunzTarPerm extractEntry src/hdwallet.js
92 silly gunzTarPerm modified mode [ 'src/hdwallet.js', 436, 420 ]
93 silly gunzTarPerm extractEntry src/index.js
94 silly gunzTarPerm modified mode [ 'src/index.js', 436, 420 ]
95 silly gunzTarPerm extractEntry src/jsbn/
96 silly gunzTarPerm modified mode [ 'src/jsbn/', 509, 493 ]
97 silly gunzTarPerm extractEntry src/jsbn/ec.js
98 silly gunzTarPerm modified mode [ 'src/jsbn/ec.js', 436, 420 ]
99 silly gunzTarPerm extractEntry src/jsbn/jsbn.js
100 silly gunzTarPerm modified mode [ 'src/jsbn/jsbn.js', 436, 420 ]
101 silly gunzTarPerm extractEntry src/jsbn/sec.js
102 silly gunzTarPerm modified mode [ 'src/jsbn/sec.js', 436, 420 ]
103 silly gunzTarPerm extractEntry src/message.js
104 silly gunzTarPerm modified mode [ 'src/message.js', 436, 420 ]
105 silly gunzTarPerm extractEntry src/network.js
106 silly gunzTarPerm modified mode [ 'src/network.js', 436, 420 ]
107 silly gunzTarPerm extractEntry src/opcode.js
108 silly gunzTarPerm modified mode [ 'src/opcode.js', 436, 420 ]
109 silly gunzTarPerm extractEntry src/script.js
110 silly gunzTarPerm modified mode [ 'src/script.js', 436, 420 ]
111 silly gunzTarPerm extractEntry src/transaction.js
112 silly gunzTarPerm modified mode [ 'src/transaction.js', 436, 420 ]
113 silly gunzTarPerm extractEntry src/util.js
114 silly gunzTarPerm modified mode [ 'src/util.js', 436, 420 ]
115 silly gunzTarPerm extractEntry src/wallet.js
116 silly gunzTarPerm modified mode [ 'src/wallet.js', 436, 420 ]
117 silly gunzTarPerm extractEntry test/
118 silly gunzTarPerm modified mode [ 'test/', 509, 493 ]
119 silly gunzTarPerm extractEntry test/address.js
120 silly gunzTarPerm modified mode [ 'test/address.js', 436, 420 ]
121 silly gunzTarPerm extractEntry test/base58.js
122 silly gunzTarPerm modified mode [ 'test/base58.js', 436, 420 ]
123 silly gunzTarPerm extractEntry test/base58check.js
124 silly gunzTarPerm modified mode [ 'test/base58check.js', 436, 420 ]
125 silly gunzTarPerm extractEntry test/convert.js
126 silly gunzTarPerm modified mode [ 'test/convert.js', 436, 420 ]
127 silly gunzTarPerm extractEntry test/ec.js
128 silly gunzTarPerm modified mode [ 'test/ec.js', 436, 420 ]
129 silly gunzTarPerm extractEntry test/ecdsa.js
130 silly gunzTarPerm modified mode [ 'test/ecdsa.js', 436, 420 ]
131 silly gunzTarPerm extractEntry test/eckey.js
132 silly gunzTarPerm modified mode [ 'test/eckey.js', 436, 420 ]
133 silly gunzTarPerm extractEntry test/fixtures/
134 silly gunzTarPerm modified mode [ 'test/fixtures/', 509, 493 ]
135 silly gunzTarPerm extractEntry test/fixtures/mainnet_tx.json
136 silly gunzTarPerm modified mode [ 'test/fixtures/mainnet_tx.json', 436, 420 ]
137 silly gunzTarPerm extractEntry test/hdwallet.js
138 silly gunzTarPerm modified mode [ 'test/hdwallet.js', 436, 420 ]
139 silly gunzTarPerm extractEntry test/jsbn.js
140 silly gunzTarPerm modified mode [ 'test/jsbn.js', 436, 420 ]
141 silly gunzTarPerm extractEntry test/message.js
142 silly gunzTarPerm modified mode [ 'test/message.js', 436, 420 ]
143 silly gunzTarPerm extractEntry test/misc.js
144 silly gunzTarPerm modified mode [ 'test/misc.js', 436, 420 ]
145 silly gunzTarPerm extractEntry test/script.js
146 silly gunzTarPerm modified mode [ 'test/script.js', 436, 420 ]
147 silly gunzTarPerm extractEntry test/transaction.js
148 silly gunzTarPerm modified mode [ 'test/transaction.js', 436, 420 ]
149 silly gunzTarPerm extractEntry test/wallet.js
150 silly gunzTarPerm modified mode [ 'test/wallet.js', 436, 420 ]
151 silly lockFile 972fe054-14255-0-8721398941706866-package tar:///var/folders/8j/3f__kvfn363cw4yblv36s9600000gn/T/npm-2311-ajPQ7_Kl/1396831514255-0.8721398941706866/package
152 silly lockFile 972fe054-14255-0-8721398941706866-package tar:///var/folders/8j/3f__kvfn363cw4yblv36s9600000gn/T/npm-2311-ajPQ7_Kl/1396831514255-0.8721398941706866/package
153 silly lockFile 09354141-14255-0-8721398941706866-tmp-tgz tar:///var/folders/8j/3f__kvfn363cw4yblv36s9600000gn/T/npm-2311-ajPQ7_Kl/1396831514255-0.8721398941706866/tmp.tgz
154 silly lockFile 09354141-14255-0-8721398941706866-tmp-tgz tar:///var/folders/8j/3f__kvfn363cw4yblv36s9600000gn/T/npm-2311-ajPQ7_Kl/1396831514255-0.8721398941706866/tmp.tgz
155 verbose tar pack [ '/Users/gustave/.npm/bitcoinjs-lib/0.2.0/package.tgz',
155 verbose tar pack   '/var/folders/8j/3f__kvfn363cw4yblv36s9600000gn/T/npm-2311-ajPQ7_Kl/1396831514255-0.8721398941706866/package' ]
156 verbose tarball /Users/gustave/.npm/bitcoinjs-lib/0.2.0/package.tgz
157 verbose folder /var/folders/8j/3f__kvfn363cw4yblv36s9600000gn/T/npm-2311-ajPQ7_Kl/1396831514255-0.8721398941706866/package
158 silly lockFile 972fe054-14255-0-8721398941706866-package tar:///var/folders/8j/3f__kvfn363cw4yblv36s9600000gn/T/npm-2311-ajPQ7_Kl/1396831514255-0.8721398941706866/package
159 verbose lock tar:///var/folders/8j/3f__kvfn363cw4yblv36s9600000gn/T/npm-2311-ajPQ7_Kl/1396831514255-0.8721398941706866/package /Users/gustave/.npm/972fe054-14255-0-8721398941706866-package.lock
160 silly lockFile a46cea1c--bitcoinjs-lib-0-2-0-package-tgz tar:///Users/gustave/.npm/bitcoinjs-lib/0.2.0/package.tgz
161 verbose lock tar:///Users/gustave/.npm/bitcoinjs-lib/0.2.0/package.tgz /Users/gustave/.npm/a46cea1c--bitcoinjs-lib-0-2-0-package-tgz.lock
162 silly lockFile 972fe054-14255-0-8721398941706866-package tar:///var/folders/8j/3f__kvfn363cw4yblv36s9600000gn/T/npm-2311-ajPQ7_Kl/1396831514255-0.8721398941706866/package
163 silly lockFile 972fe054-14255-0-8721398941706866-package tar:///var/folders/8j/3f__kvfn363cw4yblv36s9600000gn/T/npm-2311-ajPQ7_Kl/1396831514255-0.8721398941706866/package
164 silly lockFile a46cea1c--bitcoinjs-lib-0-2-0-package-tgz tar:///Users/gustave/.npm/bitcoinjs-lib/0.2.0/package.tgz
165 silly lockFile a46cea1c--bitcoinjs-lib-0-2-0-package-tgz tar:///Users/gustave/.npm/bitcoinjs-lib/0.2.0/package.tgz
166 silly lockFile a9fd5184--npm-bitcoinjs-lib-0-2-0-package /Users/gustave/.npm/bitcoinjs-lib/0.2.0/package
167 verbose lock /Users/gustave/.npm/bitcoinjs-lib/0.2.0/package /Users/gustave/.npm/a9fd5184--npm-bitcoinjs-lib-0-2-0-package.lock
168 silly lockFile a9fd5184--npm-bitcoinjs-lib-0-2-0-package /Users/gustave/.npm/bitcoinjs-lib/0.2.0/package
169 silly lockFile a9fd5184--npm-bitcoinjs-lib-0-2-0-package /Users/gustave/.npm/bitcoinjs-lib/0.2.0/package
170 verbose tar unpack /Users/gustave/.npm/bitcoinjs-lib/0.2.0/package.tgz
171 silly lockFile ab71eb78--npm-bitcoinjs-lib-0-2-0-package tar:///Users/gustave/.npm/bitcoinjs-lib/0.2.0/package
172 verbose lock tar:///Users/gustave/.npm/bitcoinjs-lib/0.2.0/package /Users/gustave/.npm/ab71eb78--npm-bitcoinjs-lib-0-2-0-package.lock
173 silly lockFile a46cea1c--bitcoinjs-lib-0-2-0-package-tgz tar:///Users/gustave/.npm/bitcoinjs-lib/0.2.0/package.tgz
174 verbose lock tar:///Users/gustave/.npm/bitcoinjs-lib/0.2.0/package.tgz /Users/gustave/.npm/a46cea1c--bitcoinjs-lib-0-2-0-package-tgz.lock
175 silly gunzTarPerm modes [ '755', '644' ]
176 silly gunzTarPerm extractEntry package.json
177 silly gunzTarPerm extractEntry .npmignore
178 silly gunzTarPerm extractEntry README.md
179 silly gunzTarPerm extractEntry LICENSE
180 silly gunzTarPerm extractEntry .travis.yml
181 silly gunzTarPerm extractEntry src/address.js
182 silly gunzTarPerm extractEntry src/ecdsa.js
183 silly gunzTarPerm extractEntry src/eckey.js
184 silly gunzTarPerm extractEntry src/hdwallet.js
185 silly gunzTarPerm extractEntry src/index.js
186 silly gunzTarPerm extractEntry src/convert.js
187 silly gunzTarPerm extractEntry src/message.js
188 silly gunzTarPerm extractEntry src/network.js
189 silly gunzTarPerm extractEntry src/opcode.js
190 silly gunzTarPerm extractEntry src/script.js
191 silly gunzTarPerm extractEntry src/transaction.js
192 silly gunzTarPerm extractEntry src/base58check.js
193 silly gunzTarPerm extractEntry src/util.js
194 silly gunzTarPerm extractEntry src/base58.js
195 silly gunzTarPerm extractEntry src/wallet.js
196 silly gunzTarPerm extractEntry src/jsbn/ec.js
197 silly gunzTarPerm extractEntry src/jsbn/jsbn.js
198 silly gunzTarPerm extractEntry src/jsbn/sec.js
199 silly gunzTarPerm extractEntry test/address.js
200 silly gunzTarPerm extractEntry test/ec.js
201 silly gunzTarPerm extractEntry test/ecdsa.js
202 silly gunzTarPerm extractEntry test/eckey.js
203 silly gunzTarPerm extractEntry test/convert.js
204 silly gunzTarPerm extractEntry test/hdwallet.js
205 silly gunzTarPerm extractEntry test/jsbn.js
206 silly gunzTarPerm extractEntry test/message.js
207 silly gunzTarPerm extractEntry test/misc.js
208 silly gunzTarPerm extractEntry test/script.js
209 silly gunzTarPerm extractEntry test/base58check.js
210 silly gunzTarPerm extractEntry test/transaction.js
211 silly gunzTarPerm extractEntry test/base58.js
212 silly gunzTarPerm extractEntry test/wallet.js
213 silly gunzTarPerm extractEntry test/fixtures/mainnet_tx.json
214 silly lockFile ab71eb78--npm-bitcoinjs-lib-0-2-0-package tar:///Users/gustave/.npm/bitcoinjs-lib/0.2.0/package
215 silly lockFile ab71eb78--npm-bitcoinjs-lib-0-2-0-package tar:///Users/gustave/.npm/bitcoinjs-lib/0.2.0/package
216 silly lockFile a46cea1c--bitcoinjs-lib-0-2-0-package-tgz tar:///Users/gustave/.npm/bitcoinjs-lib/0.2.0/package.tgz
217 silly lockFile a46cea1c--bitcoinjs-lib-0-2-0-package-tgz tar:///Users/gustave/.npm/bitcoinjs-lib/0.2.0/package.tgz
218 verbose chmod /Users/gustave/.npm/bitcoinjs-lib/0.2.0/package.tgz 644
219 verbose chown /Users/gustave/.npm/bitcoinjs-lib/0.2.0/package.tgz [ 501, 20 ]
220 silly lockFile ef3bfc0a--com-bitcoinjs-bitcoinjs-lib-git git://github.com/bitcoinjs/bitcoinjs-lib.git
221 silly lockFile ef3bfc0a--com-bitcoinjs-bitcoinjs-lib-git git://github.com/bitcoinjs/bitcoinjs-lib.git
222 info already installed bitcoinjs-lib@0.2.0
223 silly resolved []
224 info build /Users/gustave/_repos/clients/hive/hive-js
225 verbose linkStuff [ false, false, false, '/Users/gustave/_repos/clients/hive' ]
226 info linkStuff hive-js@0.0.0
227 verbose linkBins hive-js@0.0.0
228 verbose linkMans hive-js@0.0.0
229 verbose rebuildBundles hive-js@0.0.0
230 verbose rebuildBundles [ '.bin',
230 verbose rebuildBundles   'aperture',
230 verbose rebuildBundles   'big.js',
230 verbose rebuildBundles   'bip39',
230 verbose rebuildBundles   'bitcoinjs-lib',
230 verbose rebuildBundles   'bl',
230 verbose rebuildBundles   'browserify',
230 verbose rebuildBundles   'browserify-zepto',
230 verbose rebuildBundles   'connect-livereload',
230 verbose rebuildBundles   'ecstatic',
230 verbose rebuildBundles   'envify',
230 verbose rebuildBundles   'esprima',
230 verbose rebuildBundles   'events',
230 verbose rebuildBundles   'express',
230 verbose rebuildBundles   'folderify',
230 verbose rebuildBundles   'gulp',
230 verbose rebuildBundles   'gulp-autoprefixer',
230 verbose rebuildBundles   'gulp-browserify',
230 verbose rebuildBundles   'gulp-concat',
230 verbose rebuildBundles   'gulp-embedlr',
230 verbose rebuildBundles   'gulp-livereload',
230 verbose rebuildBundles   'gulp-sass',
230 verbose rebuildBundles   'gulp-util',
230 verbose rebuildBundles   'hive-apps',
230 verbose rebuildBundles   'hive-db',
230 verbose rebuildBundles   'hive-emitter',
230 verbose rebuildBundles   'hive-landing-dialog',
230 verbose rebuildBundles   'hive-menu',
230 verbose rebuildBundles   'hive-profile',
230 verbose rebuildBundles   'hive-send-dialog',
230 verbose rebuildBundles   'hive-thrid-party-api',
230 verbose rebuildBundles   'hive-ticker-api',
230 verbose rebuildBundles   'hive-transactions',
230 verbose rebuildBundles   'hive-wallet',
230 verbose rebuildBundles   'karma',
230 verbose rebuildBundles   'karma-browserify',
230 verbose rebuildBundles   'karma-chrome-launcher',
230 verbose rebuildBundles   'karma-coffee-preprocessor',
230 verbose rebuildBundles   'karma-firefox-launcher',
230 verbose rebuildBundles   'karma-html2js-preprocessor',
230 verbose rebuildBundles   'karma-jasmine',
230 verbose rebuildBundles   'karma-phantomjs-launcher',
230 verbose rebuildBundles   'karma-requirejs',
230 verbose rebuildBundles   'karma-safari-launcher',
230 verbose rebuildBundles   'karma-script-launcher',
230 verbose rebuildBundles   'pouchdb',
230 verbose rebuildBundles   'ractify',
230 verbose rebuildBundles   'requirejs',
230 verbose rebuildBundles   'rework',
230 verbose rebuildBundles   'sheetify',
230 verbose rebuildBundles   'st',
230 verbose rebuildBundles   'stream-browserify',
230 verbose rebuildBundles   'tiny-lr',
230 verbose rebuildBundles   'wrap-selectors',
230 verbose rebuildBundles   'xhr' ]
231 verbose rebuild bundle /Users/gustave/_repos/clients/hive/hive-js/node_modules/bip39
232 info build /Users/gustave/_repos/clients/hive/hive-js/node_modules/bip39
233 info preinstall bip39@1.0.4
234 verbose linkStuff [ false,
234 verbose linkStuff   false,
234 verbose linkStuff   false,
234 verbose linkStuff   '/Users/gustave/_repos/clients/hive/hive-js/node_modules' ]
235 info linkStuff bip39@1.0.4
236 verbose linkBins bip39@1.0.4
237 verbose linkMans bip39@1.0.4
238 verbose rebuildBundles bip39@1.0.4
239 verbose rebuildBundles [ 'crypto-js', 'include-folder', 'require-json-tree' ]
240 info install bip39@1.0.4
241 info postinstall bip39@1.0.4
242 verbose rebuild bundle /Users/gustave/_repos/clients/hive/hive-js/node_modules/hive-apps
243 verbose rebuild bundle /Users/gustave/_repos/clients/hive/hive-js/node_modules/hive-db
244 verbose rebuild bundle /Users/gustave/_repos/clients/hive/hive-js/node_modules/hive-emitter
245 verbose rebuild bundle /Users/gustave/_repos/clients/hive/hive-js/node_modules/hive-landing-dialog
246 verbose rebuild bundle /Users/gustave/_repos/clients/hive/hive-js/node_modules/hive-menu
247 verbose rebuild bundle /Users/gustave/_repos/clients/hive/hive-js/node_modules/hive-profile
248 verbose rebuild bundle /Users/gustave/_repos/clients/hive/hive-js/node_modules/hive-send-dialog
249 verbose rebuild bundle /Users/gustave/_repos/clients/hive/hive-js/node_modules/hive-thrid-party-api
250 verbose rebuild bundle /Users/gustave/_repos/clients/hive/hive-js/node_modules/hive-ticker-api
251 verbose rebuild bundle /Users/gustave/_repos/clients/hive/hive-js/node_modules/hive-transactions
252 verbose rebuild bundle /Users/gustave/_repos/clients/hive/hive-js/node_modules/hive-wallet
253 verbose rebuild bundle /Users/gustave/_repos/clients/hive/hive-js/node_modules/karma-coffee-preprocessor
254 info build /Users/gustave/_repos/clients/hive/hive-js/node_modules/karma-coffee-preprocessor
255 info preinstall karma-coffee-preprocessor@0.1.3
256 verbose linkStuff [ false,
256 verbose linkStuff   false,
256 verbose linkStuff   false,
256 verbose linkStuff   '/Users/gustave/_repos/clients/hive/hive-js/node_modules' ]
257 info linkStuff karma-coffee-preprocessor@0.1.3
258 verbose linkBins karma-coffee-preprocessor@0.1.3
259 verbose linkMans karma-coffee-preprocessor@0.1.3
260 verbose rebuildBundles karma-coffee-preprocessor@0.1.3
261 verbose rebuildBundles [ '.bin', 'coffee-script' ]
262 info install karma-coffee-preprocessor@0.1.3
263 info postinstall karma-coffee-preprocessor@0.1.3
264 verbose rebuild bundle /Users/gustave/_repos/clients/hive/hive-js/node_modules/karma-requirejs
265 info build /Users/gustave/_repos/clients/hive/hive-js/node_modules/karma-requirejs
266 info preinstall karma-requirejs@0.2.1
267 verbose linkStuff [ false,
267 verbose linkStuff   false,
267 verbose linkStuff   false,
267 verbose linkStuff   '/Users/gustave/_repos/clients/hive/hive-js/node_modules' ]
268 info linkStuff karma-requirejs@0.2.1
269 verbose linkBins karma-requirejs@0.2.1
270 verbose linkMans karma-requirejs@0.2.1
271 verbose rebuildBundles karma-requirejs@0.2.1
272 info install karma-requirejs@0.2.1
273 info postinstall karma-requirejs@0.2.1
274 verbose rebuild bundle /Users/gustave/_repos/clients/hive/hive-js/node_modules/pouchdb
275 info build /Users/gustave/_repos/clients/hive/hive-js/node_modules/pouchdb
276 info preinstall pouchdb@2.1.0
277 verbose linkStuff [ false,
277 verbose linkStuff   false,
277 verbose linkStuff   false,
277 verbose linkStuff   '/Users/gustave/_repos/clients/hive/hive-js/node_modules' ]
278 info linkStuff pouchdb@2.1.0
279 verbose linkBins pouchdb@2.1.0
280 verbose linkMans pouchdb@2.1.0
281 verbose rebuildBundles pouchdb@2.1.0
282 verbose rebuildBundles [ 'bluebird',
282 verbose rebuildBundles   'inherits',
282 verbose rebuildBundles   'level-js',
282 verbose rebuildBundles   'level-sublevel',
282 verbose rebuildBundles   'leveldown',
282 verbose rebuildBundles   'levelup',
282 verbose rebuildBundles   'lie',
282 verbose rebuildBundles   'pouchdb-mapreduce',
282 verbose rebuildBundles   'request' ]
283 info install pouchdb@2.1.0
284 info postinstall pouchdb@2.1.0
285 verbose rebuild bundle /Users/gustave/_repos/clients/hive/hive-js/node_modules/requirejs
286 info build /Users/gustave/_repos/clients/hive/hive-js/node_modules/requirejs
287 info preinstall requirejs@2.1.11
288 verbose linkStuff [ false,
288 verbose linkStuff   false,
288 verbose linkStuff   false,
288 verbose linkStuff   '/Users/gustave/_repos/clients/hive/hive-js/node_modules' ]
289 info linkStuff requirejs@2.1.11
290 verbose linkBins requirejs@2.1.11
291 verbose link bins [ { 'r.js': './bin/r.js' },
291 verbose link bins   '/Users/gustave/_repos/clients/hive/hive-js/node_modules/.bin',
291 verbose link bins   false ]
292 verbose linkMans requirejs@2.1.11
293 verbose rebuildBundles requirejs@2.1.11
294 info install requirejs@2.1.11
295 info postinstall requirejs@2.1.11
296 verbose rebuild bundle /Users/gustave/_repos/clients/hive/hive-js/node_modules/xhr
297 info build /Users/gustave/_repos/clients/hive/hive-js/node_modules/xhr
298 info preinstall xhr@1.5.0
299 verbose linkStuff [ false,
299 verbose linkStuff   false,
299 verbose linkStuff   false,
299 verbose linkStuff   '/Users/gustave/_repos/clients/hive/hive-js/node_modules' ]
300 info linkStuff xhr@1.5.0
301 verbose linkBins xhr@1.5.0
302 verbose linkMans xhr@1.5.0
303 verbose rebuildBundles xhr@1.5.0
304 verbose rebuildBundles [ 'global', 'once' ]
305 info install xhr@1.5.0
306 info postinstall xhr@1.5.0
307 info install hive-js@0.0.0
308 info postinstall hive-js@0.0.0
309 verbose unsafe-perm in lifecycle true
310 info prepublish hive-js@0.0.0
311 error peerinvalid The package karma-jasmine does not satisfy its siblings' peerDependencies requirements!
311 error peerinvalid Peer karma@0.10.10 wants karma-jasmine@~0.1.0
312 error System Darwin 12.5.0
313 error command "node" "/usr/local/bin/npm" "i"
314 error cwd /Users/gustave/_repos/clients/hive/hive-js
315 error node -v v0.10.18
316 error npm -v 1.3.8
317 error code EPEERINVALID
318 verbose exit [ 1, true ]
